<?xml version="1.0" encoding="UTF-8" ?>
<testsuite tests="4" failures="0" name="util.ClassUtilTest" time="0.014" errors="0" skipped="0">
  <properties>
[...]
</properties>
  <testcase classname="util.ClassUtilTest" name="getClassSetTestWithfailInput" time="0"/>
  <testcase classname="util.ClassUtilTest" name="getClassSetTest" time="0.012"/>
  <testcase classname="util.ClassUtilTest" name="getClassLoaderTest" time="0.001"/>
  <testcase classname="util.ClassUtilTest" name="loadClassTest" time="0.001"/>
</testsuite>